\BOOKMARK [0][-]{chapter*.1}{\376\377\000R\000e\000m\000e\000r\000c\000i\000e\000m\000e\000n\000t\000s}{}% 1
\BOOKMARK [0][-]{chapter*.2}{\376\377\000R\000e\000s\000u\000m\000e}{}% 2
\BOOKMARK [0][-]{chapter*.3}{\376\377\000A\000b\000s\000t\000r\000a\000c\000t}{}% 3
\BOOKMARK [0][-]{chapter*.4}{\376\377\006\105\006\104\006\056\006\065}{}% 4
\BOOKMARK [0][-]{chapter*.5}{\376\377\000L\000i\000s\000t\000e\000\040\000d\000e\000s\000\040\000a\000b\000r\000e\000v\000i\000a\000t\000i\000o\000n\000s}{}% 5
\BOOKMARK [0][-]{chapter.1}{\376\377\000C\000o\000n\000t\000e\000x\000t\000e\000\040\000e\000t\000\040\000p\000r\000o\000b\000l\000e\000m\000a\000t\000i\000q\000u\000e}{}% 6
\BOOKMARK [1][-]{section.1.1}{\376\377\000I\000n\000t\000r\000o\000d\000u\000c\000t\000i\000o\000n\000\040\000d\000u\000\040\000c\000h\000a\000p\000i\000t\000r\000e}{chapter.1}% 7
\BOOKMARK [1][-]{section.1.2}{\376\377\000C\000o\000n\000t\000e\000x\000t\000e\000\040\000e\000n\000t\000r\000e\000p\000r\000i\000s\000e\000\040\000e\000t\000\040\000p\000r\000o\000j\000e\000t\000\040\000V\000I\000C}{chapter.1}% 8
\BOOKMARK [1][-]{section.1.3}{\376\377\000P\000r\000o\000b\000l\000e\000m\000e\000\040\000d\000e\000\040\000s\000e\000c\000u\000r\000i\000t\000e\000\040\000i\000d\000e\000n\000t\000i\000f\000i\000e}{chapter.1}% 9
\BOOKMARK [1][-]{section.1.4}{\376\377\000M\000o\000t\000i\000v\000a\000t\000i\000o\000n\000\040\000Z\000e\000r\000o\000\040\000T\000r\000u\000s\000t}{chapter.1}% 10
\BOOKMARK [1][-]{section.1.5}{\376\377\000C\000o\000n\000c\000l\000u\000s\000i\000o\000n\000\040\000d\000u\000\040\000c\000h\000a\000p\000i\000t\000r\000e}{chapter.1}% 11
\BOOKMARK [0][-]{chapter.2}{\376\377\000O\000b\000j\000e\000c\000t\000i\000f\000s\000,\000\040\000p\000e\000r\000i\000m\000e\000t\000r\000e\000\040\000e\000t\000\040\000m\000e\000t\000h\000o\000d\000o\000l\000o\000g\000i\000e}{}% 12
\BOOKMARK [1][-]{section.2.1}{\376\377\000I\000n\000t\000r\000o\000d\000u\000c\000t\000i\000o\000n\000\040\000d\000u\000\040\000c\000h\000a\000p\000i\000t\000r\000e}{chapter.2}% 13
\BOOKMARK [1][-]{section.2.2}{\376\377\000O\000b\000j\000e\000c\000t\000i\000f\000\040\000g\000e\000n\000e\000r\000a\000l\000\040\000d\000u\000\040\000P\000F\000E}{chapter.2}% 14
\BOOKMARK [1][-]{section.2.3}{\376\377\000P\000e\000r\000i\000m\000e\000t\000r\000e\000\040\000t\000e\000c\000h\000n\000i\000q\000u\000e}{chapter.2}% 15
\BOOKMARK [1][-]{section.2.4}{\376\377\000A\000p\000p\000r\000o\000c\000h\000e\000\040\000m\000e\000t\000h\000o\000d\000o\000l\000o\000g\000i\000q\000u\000e}{chapter.2}% 16
\BOOKMARK [1][-]{section.2.5}{\376\377\000C\000o\000n\000c\000l\000u\000s\000i\000o\000n\000\040\000d\000u\000\040\000c\000h\000a\000p\000i\000t\000r\000e}{chapter.2}% 17
\BOOKMARK [0][-]{chapter.3}{\376\377\000A\000r\000c\000h\000i\000t\000e\000c\000t\000u\000r\000e\000\040\000Z\000e\000r\000o\000\040\000T\000r\000u\000s\000t\000\040\000g\000l\000o\000b\000a\000l\000e}{}% 18
\BOOKMARK [1][-]{section.3.1}{\376\377\000I\000n\000t\000r\000o\000d\000u\000c\000t\000i\000o\000n\000\040\000d\000u\000\040\000c\000h\000a\000p\000i\000t\000r\000e}{chapter.3}% 19
\BOOKMARK [1][-]{section.3.2}{\376\377\000V\000u\000e\000\040\000d\000'\000e\000n\000s\000e\000m\000b\000l\000e}{chapter.3}% 20
\BOOKMARK [1][-]{section.3.3}{\376\377\000A\000r\000c\000h\000i\000t\000e\000c\000t\000u\000r\000e\000\040\000r\000e\000s\000e\000a\000u\000\040\000d\000e\000\040\000d\000e\000p\000l\000o\000i\000e\000m\000e\000n\000t}{chapter.3}% 21
\BOOKMARK [1][-]{section.3.4}{\376\377\000A\000l\000t\000e\000r\000n\000a\000t\000i\000v\000e\000s\000\040\000e\000t\000\040\000c\000h\000o\000i\000x}{chapter.3}% 22
\BOOKMARK [1][-]{section.3.5}{\376\377\000F\000l\000u\000x\000\040\000d\000e\000\040\000s\000e\000c\000u\000r\000i\000t\000e\000\040\000c\000i\000b\000l\000e}{chapter.3}% 23
\BOOKMARK [1][-]{section.3.6}{\376\377\000C\000o\000n\000c\000l\000u\000s\000i\000o\000n\000\040\000d\000u\000\040\000c\000h\000a\000p\000i\000t\000r\000e}{chapter.3}% 24
\BOOKMARK [0][-]{chapter.4}{\376\377\000I\000m\000p\000l\000e\000m\000e\000n\000t\000a\000t\000i\000o\000n\000\040\000p\000a\000r\000\040\000c\000o\000m\000p\000o\000s\000a\000n\000t}{}% 25
\BOOKMARK [1][-]{section.4.1}{\376\377\000I\000n\000t\000r\000o\000d\000u\000c\000t\000i\000o\000n\000\040\000d\000u\000\040\000c\000h\000a\000p\000i\000t\000r\000e}{chapter.4}% 26
\BOOKMARK [1][-]{section.4.2}{\376\377\000A\000u\000t\000h\000e\000n\000t\000i\000k\000\040\000\050\000I\000A\000M\000\051}{chapter.4}% 27
\BOOKMARK [1][-]{section.4.3}{\376\377\000T\000a\000i\000l\000s\000c\000a\000l\000e\000\040\000A\000C\000L\000\040\000\050\000c\000o\000n\000t\000r\000o\000l\000e\000\040\000r\000e\000s\000e\000a\000u\000\051}{chapter.4}% 28
\BOOKMARK [1][-]{section.4.4}{\376\377\000A\000p\000p\000l\000i\000c\000a\000t\000i\000o\000n\000\040\000F\000l\000a\000s\000k\000\040\000e\000t\000\040\000b\000a\000s\000e\000\040\000P\000o\000s\000t\000g\000r\000e\000S\000Q\000L}{chapter.4}% 29
\BOOKMARK [1][-]{section.4.5}{\376\377\000M\000o\000t\000e\000u\000r\000\040\000J\000I\000T\000\040\000P\000y\000t\000h\000o\000n\000\040\000\050\000A\000C\000L\000\137\000w\000o\000r\000k\000\051}{chapter.4}% 30
\BOOKMARK [1][-]{section.4.6}{\376\377\000W\000a\000z\000u\000h\000\040\000e\000t\000\040\000o\000b\000s\000e\000r\000v\000a\000b\000i\000l\000i\000t\000e}{chapter.4}% 31
\BOOKMARK [1][-]{section.4.7}{\376\377\000C\000o\000n\000c\000l\000u\000s\000i\000o\000n\000\040\000d\000u\000\040\000c\000h\000a\000p\000i\000t\000r\000e}{chapter.4}% 32
\BOOKMARK [0][-]{chapter.5}{\376\377\000S\000c\000e\000n\000a\000r\000i\000o\000s\000\040\000d\000e\000\040\000t\000e\000s\000t\000\040\000e\000t\000\040\000v\000a\000l\000i\000d\000a\000t\000i\000o\000n}{}% 33
\BOOKMARK [1][-]{section.5.1}{\376\377\000I\000n\000t\000r\000o\000d\000u\000c\000t\000i\000o\000n\000\040\000d\000u\000\040\000c\000h\000a\000p\000i\000t\000r\000e}{chapter.5}% 34
\BOOKMARK [1][-]{section.5.2}{\376\377\000S\000t\000r\000a\000t\000e\000g\000i\000e\000\040\000d\000e\000\040\000t\000e\000s\000t}{chapter.5}% 35
\BOOKMARK [1][-]{section.5.3}{\376\377\000C\000o\000n\000t\000e\000x\000t\000e\000\040\000d\000'\000e\000x\000e\000c\000u\000t\000i\000o\000n\000\040\000d\000e\000s\000\040\000t\000e\000s\000t\000s}{chapter.5}% 36
\BOOKMARK [1][-]{section.5.4}{\376\377\000C\000a\000s\000\040\000d\000e\000\040\000t\000e\000s\000t\000\040\000I\000A\000M\000/\000P\000I\000M\000/\000P\000A\000M}{chapter.5}% 37
\BOOKMARK [1][-]{section.5.5}{\376\377\000R\000e\000s\000u\000l\000t\000a\000t\000s\000\040\000d\000e\000\040\000v\000a\000l\000i\000d\000a\000t\000i\000o\000n}{chapter.5}% 38
\BOOKMARK [1][-]{section.5.6}{\376\377\000C\000o\000n\000c\000l\000u\000s\000i\000o\000n\000\040\000d\000u\000\040\000c\000h\000a\000p\000i\000t\000r\000e}{chapter.5}% 39
\BOOKMARK [0][-]{chapter.6}{\376\377\000R\000e\000s\000u\000l\000t\000a\000t\000s\000,\000\040\000m\000e\000t\000r\000i\000q\000u\000e\000s\000\040\000e\000t\000\040\000d\000i\000s\000c\000u\000s\000s\000i\000o\000n}{}% 40
\BOOKMARK [1][-]{section.6.1}{\376\377\000I\000n\000t\000r\000o\000d\000u\000c\000t\000i\000o\000n\000\040\000d\000u\000\040\000c\000h\000a\000p\000i\000t\000r\000e}{chapter.6}% 41
\BOOKMARK [1][-]{section.6.2}{\376\377\000I\000n\000d\000i\000c\000a\000t\000e\000u\000r\000s\000\040\000a\000v\000a\000n\000t\000/\000a\000p\000r\000e\000s}{chapter.6}% 42
\BOOKMARK [1][-]{section.6.3}{\376\377\000A\000n\000a\000l\000y\000s\000e\000\040\000d\000e\000s\000\040\000g\000a\000i\000n\000s}{chapter.6}% 43
\BOOKMARK [1][-]{section.6.4}{\376\377\000C\000o\000n\000c\000l\000u\000s\000i\000o\000n\000\040\000d\000u\000\040\000c\000h\000a\000p\000i\000t\000r\000e}{chapter.6}% 44
\BOOKMARK [0][-]{chapter.7}{\376\377\000L\000i\000m\000i\000t\000e\000s\000\040\000e\000t\000\040\000p\000e\000r\000s\000p\000e\000c\000t\000i\000v\000e\000s}{}% 45
\BOOKMARK [1][-]{section.7.1}{\376\377\000I\000n\000t\000r\000o\000d\000u\000c\000t\000i\000o\000n\000\040\000d\000u\000\040\000c\000h\000a\000p\000i\000t\000r\000e}{chapter.7}% 46
\BOOKMARK [1][-]{section.7.2}{\376\377\000L\000i\000m\000i\000t\000e\000s\000\040\000t\000e\000c\000h\000n\000i\000q\000u\000e\000s\000\040\000a\000c\000t\000u\000e\000l\000l\000e\000s}{chapter.7}% 47
\BOOKMARK [1][-]{section.7.3}{\376\377\000P\000e\000r\000s\000p\000e\000c\000t\000i\000v\000e\000s\000\040\000c\000o\000u\000r\000t\000\040\000t\000e\000r\000m\000e}{chapter.7}% 48
\BOOKMARK [1][-]{section.7.4}{\376\377\000P\000e\000r\000s\000p\000e\000c\000t\000i\000v\000e\000s\000\040\000l\000o\000n\000g\000\040\000t\000e\000r\000m\000e}{chapter.7}% 49
\BOOKMARK [1][-]{section.7.5}{\376\377\000C\000o\000n\000c\000l\000u\000s\000i\000o\000n\000\040\000d\000u\000\040\000c\000h\000a\000p\000i\000t\000r\000e}{chapter.7}% 50
\BOOKMARK [0][-]{chapter.8}{\376\377\000C\000o\000n\000c\000l\000u\000s\000i\000o\000n\000\040\000g\000e\000n\000e\000r\000a\000l\000e}{}% 51
\BOOKMARK [1][-]{section.8.1}{\376\377\000I\000n\000t\000r\000o\000d\000u\000c\000t\000i\000o\000n\000\040\000d\000u\000\040\000c\000h\000a\000p\000i\000t\000r\000e}{chapter.8}% 52
\BOOKMARK [1][-]{section.8.2}{\376\377\000C\000o\000n\000c\000l\000u\000s\000i\000o\000n\000\040\000d\000u\000\040\000c\000h\000a\000p\000i\000t\000r\000e}{chapter.8}% 53
